[debug] [2021-03-17T15:23:16.145Z] ----------------------------------------------------------------------
[debug] [2021-03-17T15:23:16.147Z] Command:       C:\Program Files\nodejs\node.exe C:\Users\user\AppData\Roaming\npm\node_modules\firebase-tools\lib\bin\firebase.js init
[debug] [2021-03-17T15:23:16.147Z] CLI Version:   9.6.1
[debug] [2021-03-17T15:23:16.148Z] Platform:      win32
[debug] [2021-03-17T15:23:16.148Z] Node Version:  v14.15.3
[debug] [2021-03-17T15:23:16.148Z] Time:          Wed Mar 17 2021 17:23:16 GMT+0200 (Eastern European Standard Time)
[debug] [2021-03-17T15:23:16.149Z] ----------------------------------------------------------------------
[debug] [2021-03-17T15:23:16.149Z] 
[debug] [2021-03-17T15:23:16.154Z] > command requires scopes: ["email","openid","https://www.googleapis.com/auth/cloudplatformprojects.readonly","https://www.googleapis.com/auth/firebase","https://www.googleapis.com/auth/cloud-platform"]
[debug] [2021-03-17T15:23:16.154Z] > authorizing via signed-in user
[info] 
     ######## #### ########  ######## ########     ###     ######  ########
     ##        ##  ##     ## ##       ##     ##  ##   ##  ##       ##
     ######    ##  ########  ######   ########  #########  ######  ######
     ##        ##  ##    ##  ##       ##     ## ##     ##       ## ##
     ##       #### ##     ## ######## ########  ##     ##  ######  ########

You're about to initialize a Firebase project in this directory:

  D:\important-project\imageInfo

Before we get started, keep in mind:

  * You are initializing in an existing Firebase project directory

[info] 
=== Project Setup
[info] 
[info] First, let's associate this project directory with a Firebase project.
[info] You can create multiple project aliases by running firebase use --add, 
[info] but for now we'll just set up a default project.
[info] 
[info] i  .firebaserc already has a default project, using image-data-f08c6. 
[debug] [2021-03-17T15:23:23.892Z] >>> [apiv2][query] GET https://firebase.googleapis.com/v1beta1/projects/image-data-f08c6 [none]
[debug] [2021-03-17T15:23:24.561Z] <<< [apiv2][status] GET https://firebase.googleapis.com/v1beta1/projects/image-data-f08c6 200
[debug] [2021-03-17T15:23:24.561Z] <<< [apiv2][body] GET https://firebase.googleapis.com/v1beta1/projects/image-data-f08c6 {"projectId":"image-data-f08c6","projectNumber":"520650845029","displayName":"image-data","name":"projects/image-data-f08c6","resources":{"hostingSite":"image-data-f08c6"},"state":"ACTIVE"}
[info] 
=== Hosting Setup
[info] 
[info] Your public directory is the folder (relative to your project directory) that
[info] will contain Hosting assets to be uploaded with firebase deploy. If you
[info] have a build process for your assets, use your build's output directory.
[info] 
[info] i  Skipping write of y/404.html 
[debug] [2021-03-17T15:23:43.508Z] >>> [apiv2][query] GET https://www.gstatic.com/firebasejs/releases.json [none]
[debug] [2021-03-17T15:23:43.819Z] <<< [apiv2][status] GET https://www.gstatic.com/firebasejs/releases.json 200
[debug] [2021-03-17T15:23:43.820Z] <<< [apiv2][body] GET https://www.gstatic.com/firebasejs/releases.json {"current":{"version":"8.3.0","browserURL":"https://www.gstatic.com/firebasejs/8.3.0/firebase.js","packageURL":"https://www.gstatic.com/firebasejs/8.3.0/firebase.tgz"},"live":{"version":"8.3","browserURL":"https://www.gstatic.com/firebasejs/live/8.3/firebase.js","packageURL":"https://www.gstatic.com/firebasejs/live/8.3/firebase.tgz"},"components":{"analytics":"https://www.gstatic.com/firebasejs/8.3.0/firebase-analytics.js","app":"https://www.gstatic.com/firebasejs/8.3.0/firebase-app.js","auth":"https://www.gstatic.com/firebasejs/8.3.0/firebase-auth.js","database":"https://www.gstatic.com/firebasejs/8.3.0/firebase-database.js","firestore":"https://www.gstatic.com/firebasejs/8.3.0/firebase-firestore.js","functions":"https://www.gstatic.com/firebasejs/8.3.0/firebase-functions.js","installations":"https://www.gstatic.com/firebasejs/8.3.0/firebase-installations.js","messaging":"https://www.gstatic.com/firebasejs/8.3.0/firebase-messaging.js","storage":"https://www.gstatic.com/firebasejs/8.3.0/firebase-storage.js","performance":"https://www.gstatic.com/firebasejs/8.3.0/firebase-performance.js","remote-config":"https://www.gstatic.com/firebasejs/8.3.0/firebase-remote-config.js","firestore.memory":"https://www.gstatic.com/firebasejs/8.3.0/firebase-firestore.memory.js"}}
[info] +  Wrote y/index.html 
[info] 
[info] i  Detected a .git folder at D:\important-project\imageInfo 
[info] i  Authorizing with GitHub to upload your service account to a GitHub repository's secrets store. 
[info] 
[info] Visit this URL on this device to log in:
[info] https://github.com/login/oauth/authorize?client_id=89cf50f02ac6aaed3484&state=94422282&redirect_uri=http%3A%2F%2Flocalhost%3A9005&scope=read%3Auser%20repo%20public_repo
[info] 
[info] Waiting for authentication...
[debug] [2021-03-17T15:23:58.072Z] >>> HTTP REQUEST POST https://github.com/login/oauth/access_token  
 {"client_id":"89cf50f02ac6aaed3484","client_secret":"3330d14abc895d9a74d5f17cd7a00711fa2c5bf0","code":"6795071fef4bdbd94c70","redirect_uri":"http://localhost:9005","state":"94422282"}
[debug] [2021-03-17T15:23:58.711Z] <<< HTTP RESPONSE 200 {"server":"GitHub.com","date":"Wed, 17 Mar 2021 15:23:59 GMT","content-type":"application/json; charset=utf-8","transfer-encoding":"chunked","vary":"X-PJAX, Accept-Encoding, Accept, X-Requested-With","etag":"W/\"57d49cc89d0addaa0e905418c2e86a14\"","cache-control":"max-age=0, private, must-revalidate","strict-transport-security":"max-age=31536000; includeSubdomains; preload","x-frame-options":"deny","x-content-type-options":"nosniff","x-xss-protection":"0","referrer-policy":"origin-when-cross-origin, strict-origin-when-cross-origin","expect-ct":"max-age=2592000, report-uri=\"https://api.github.com/_private/browser/errors\"","content-security-policy":"default-src 'none'; base-uri 'self'; block-all-mixed-content; connect-src 'self' uploads.github.com www.githubstatus.com collector.githubapp.com api.github.com github-cloud.s3.amazonaws.com github-production-repository-file-5c1aeb.s3.amazonaws.com github-production-upload-manifest-file-7fdce7.s3.amazonaws.com github-production-user-asset-6210df.s3.amazonaws.com cdn.optimizely.com logx.optimizely.com/v1/events wss://alive.github.com; font-src github.githubassets.com; form-action 'self' github.com gist.github.com; frame-ancestors 'none'; frame-src render.githubusercontent.com; img-src 'self' data: github.githubassets.com identicons.github.com collector.githubapp.com github-cloud.s3.amazonaws.com secured-user-images.githubusercontent.com/ *.githubusercontent.com; manifest-src 'self'; media-src 'none'; script-src github.githubassets.com; style-src 'unsafe-inline' github.githubassets.com; worker-src github.com/socket-worker-6832eced.js gist.github.com/socket-worker-6832eced.js","x-github-request-id":"AE4A:ECBE:4F7A37:604A0E:60521F0E"}
[debug] [2021-03-17T15:23:58.723Z] >>> [apiv2][query] GET https://api.github.com/user [none]
[debug] [2021-03-17T15:23:59.434Z] <<< [apiv2][status] GET https://api.github.com/user 200
[debug] [2021-03-17T15:23:59.434Z] <<< [apiv2][body] GET https://api.github.com/user {"login":"safaa-ali","id":79087972,"node_id":"MDQ6VXNlcjc5MDg3OTcy","avatar_url":"https://avatars.githubusercontent.com/u/79087972?v=4","gravatar_id":"","url":"https://api.github.com/users/safaa-ali","html_url":"https://github.com/safaa-ali","followers_url":"https://api.github.com/users/safaa-ali/followers","following_url":"https://api.github.com/users/safaa-ali/following{/other_user}","gists_url":"https://api.github.com/users/safaa-ali/gists{/gist_id}","starred_url":"https://api.github.com/users/safaa-ali/starred{/owner}{/repo}","subscriptions_url":"https://api.github.com/users/safaa-ali/subscriptions","organizations_url":"https://api.github.com/users/safaa-ali/orgs","repos_url":"https://api.github.com/users/safaa-ali/repos","events_url":"https://api.github.com/users/safaa-ali/events{/privacy}","received_events_url":"https://api.github.com/users/safaa-ali/received_events","type":"User","site_admin":false,"name":null,"company":null,"blog":"","location":null,"email":null,"hireable":null,"bio":null,"twitter_username":null,"public_repos":6,"public_gists":0,"followers":0,"following":1,"created_at":"2021-02-15T11:18:52Z","updated_at":"2021-03-17T15:23:57Z","private_gists":0,"total_private_repos":2,"owned_private_repos":2,"disk_usage":155018,"collaborators":1,"two_factor_authentication":false,"plan":{"name":"free","space":976562499,"collaborators":0,"private_repos":10000}}
[info] 
[info] +  Success! Logged into GitHub as safaa-ali 
[info] 
